CRITICAL - 2021-09-08 00:16:20 --> Unable to connect to the database.
Main connection [MySQLi]: Connection refused
#0 /var/www/html/codeigniter4/vendor/codeigniter4/framework/system/Database/BaseConnection.php(570): CodeIgniter\Database\BaseConnection->initialize()
#1 /var/www/html/codeigniter4/vendor/codeigniter4/framework/system/Database/BaseBuilder.php(1428): CodeIgniter\Database\BaseConnection->query('SELECT *\nFROM `...', Array, false)
#2 /var/www/html/codeigniter4/vendor/codeigniter4/framework/system/Model.php(210): CodeIgniter\Database\BaseBuilder->get()
#3 /var/www/html/codeigniter4/vendor/codeigniter4/framework/system/BaseModel.php(622): CodeIgniter\Model->doFirst()
#4 /var/www/html/codeigniter4/app/Models/OwnerModel.php(13): CodeIgniter\BaseModel->first()
#5 /var/www/html/codeigniter4/app/Controllers/Home.php(21): App\Models\Ownermodel->getOwner()
#6 /var/www/html/codeigniter4/vendor/codeigniter4/framework/system/CodeIgniter.php(802): App\Controllers\Home->index()
#7 /var/www/html/codeigniter4/vendor/codeigniter4/framework/system/CodeIgniter.php(399): CodeIgniter\CodeIgniter->runController(Object(App\Controllers\Home))
#8 /var/www/html/codeigniter4/vendor/codeigniter4/framework/system/CodeIgniter.php(317): CodeIgniter\CodeIgniter->handleRequest(NULL, Object(Config\Cache), false)
#9 /var/www/html/codeigniter4/public/index.php(45): CodeIgniter\CodeIgniter->run()
#10 {main}
CRITICAL - 2021-09-08 00:17:45 --> Invalid file: home\login\_message_block.php
#0 /var/www/html/codeigniter4/vendor/codeigniter4/framework/system/View/View.php(198): CodeIgniter\Exceptions\FrameworkException::forInvalidFile('home\\login\\_mes...')
#1 /var/www/html/codeigniter4/vendor/codeigniter4/framework/system/Common.php(1092): CodeIgniter\View\View->render('home\\login\\_mes...', Array, true)
#2 /var/www/html/codeigniter4/app/Views/home/login/login.php(14): view('home\\login\\_mes...')
#3 /var/www/html/codeigniter4/vendor/codeigniter4/framework/system/View/View.php(214): include('/var/www/html/c...')
#4 /var/www/html/codeigniter4/vendor/codeigniter4/framework/system/View/View.php(217): CodeIgniter\View\View->CodeIgniter\View\{closure}()
#5 /var/www/html/codeigniter4/vendor/codeigniter4/framework/system/Common.php(1092): CodeIgniter\View\View->render('home/login/logi...', Array, true)
#6 /var/www/html/codeigniter4/app/Controllers/home.php(86): view('home/login/logi...', Array)
#7 /var/www/html/codeigniter4/vendor/codeigniter4/framework/system/CodeIgniter.php(802): App\Controllers\Home->login()
#8 /var/www/html/codeigniter4/vendor/codeigniter4/framework/system/CodeIgniter.php(399): CodeIgniter\CodeIgniter->runController(Object(App\Controllers\Home))
#9 /var/www/html/codeigniter4/vendor/codeigniter4/framework/system/CodeIgniter.php(317): CodeIgniter\CodeIgniter->handleRequest(NULL, Object(Config\Cache), false)
#10 /var/www/html/codeigniter4/public/index.php(45): CodeIgniter\CodeIgniter->run()
#11 {main}
CRITICAL - 2021-09-08 00:18:40 --> Invalid file: home\login\_message_block.php
#0 /var/www/html/codeigniter4/vendor/codeigniter4/framework/system/View/View.php(198): CodeIgniter\Exceptions\FrameworkException::forInvalidFile('home\\login\\_mes...')
#1 /var/www/html/codeigniter4/vendor/codeigniter4/framework/system/Common.php(1092): CodeIgniter\View\View->render('home\\login\\_mes...', Array, true)
#2 /var/www/html/codeigniter4/app/Views/home/login/register.php(22): view('home\\login\\_mes...')
#3 /var/www/html/codeigniter4/vendor/codeigniter4/framework/system/View/View.php(214): include('/var/www/html/c...')
#4 /var/www/html/codeigniter4/vendor/codeigniter4/framework/system/View/View.php(217): CodeIgniter\View\View->CodeIgniter\View\{closure}()
#5 /var/www/html/codeigniter4/vendor/codeigniter4/framework/system/Common.php(1092): CodeIgniter\View\View->render('home/login/regi...', Array, true)
#6 /var/www/html/codeigniter4/app/Controllers/home.php(99): view('home/login/regi...', Array)
#7 /var/www/html/codeigniter4/vendor/codeigniter4/framework/system/CodeIgniter.php(802): App\Controllers\Home->register()
#8 /var/www/html/codeigniter4/vendor/codeigniter4/framework/system/CodeIgniter.php(399): CodeIgniter\CodeIgniter->runController(Object(App\Controllers\Home))
#9 /var/www/html/codeigniter4/vendor/codeigniter4/framework/system/CodeIgniter.php(317): CodeIgniter\CodeIgniter->handleRequest(NULL, Object(Config\Cache), false)
#10 /var/www/html/codeigniter4/public/index.php(45): CodeIgniter\CodeIgniter->run()
#11 {main}
CRITICAL - 2021-09-08 00:23:59 --> Invalid file: home\login\_message_block.php
#0 /var/www/html/codeigniter4/vendor/codeigniter4/framework/system/View/View.php(198): CodeIgniter\Exceptions\FrameworkException::forInvalidFile('home\\login\\_mes...')
#1 /var/www/html/codeigniter4/vendor/codeigniter4/framework/system/Common.php(1092): CodeIgniter\View\View->render('home\\login\\_mes...', Array, true)
#2 /var/www/html/codeigniter4/app/Views/home/login/login.php(14): view('home\\login\\_mes...')
#3 /var/www/html/codeigniter4/vendor/codeigniter4/framework/system/View/View.php(214): include('/var/www/html/c...')
#4 /var/www/html/codeigniter4/vendor/codeigniter4/framework/system/View/View.php(217): CodeIgniter\View\View->CodeIgniter\View\{closure}()
#5 /var/www/html/codeigniter4/vendor/codeigniter4/framework/system/Common.php(1092): CodeIgniter\View\View->render('home/login/logi...', Array, true)
#6 /var/www/html/codeigniter4/app/Controllers/home.php(86): view('home/login/logi...', Array)
#7 /var/www/html/codeigniter4/vendor/codeigniter4/framework/system/CodeIgniter.php(802): App\Controllers\Home->login()
#8 /var/www/html/codeigniter4/vendor/codeigniter4/framework/system/CodeIgniter.php(399): CodeIgniter\CodeIgniter->runController(Object(App\Controllers\Home))
#9 /var/www/html/codeigniter4/vendor/codeigniter4/framework/system/CodeIgniter.php(317): CodeIgniter\CodeIgniter->handleRequest(NULL, Object(Config\Cache), false)
#10 /var/www/html/codeigniter4/public/index.php(45): CodeIgniter\CodeIgniter->run()
#11 {main}
CRITICAL - 2021-09-08 00:35:52 --> Invalid file: home\login\_message_block.php
#0 /var/www/html/codeigniter4/vendor/codeigniter4/framework/system/View/View.php(198): CodeIgniter\Exceptions\FrameworkException::forInvalidFile('home\\login\\_mes...')
#1 /var/www/html/codeigniter4/vendor/codeigniter4/framework/system/Common.php(1092): CodeIgniter\View\View->render('home\\login\\_mes...', Array, true)
#2 /var/www/html/codeigniter4/app/Views/home/login/login.php(14): view('home\\login\\_mes...')
#3 /var/www/html/codeigniter4/vendor/codeigniter4/framework/system/View/View.php(214): include('/var/www/html/c...')
#4 /var/www/html/codeigniter4/vendor/codeigniter4/framework/system/View/View.php(217): CodeIgniter\View\View->CodeIgniter\View\{closure}()
#5 /var/www/html/codeigniter4/vendor/codeigniter4/framework/system/Common.php(1092): CodeIgniter\View\View->render('home/login/logi...', Array, true)
#6 /var/www/html/codeigniter4/app/Controllers/home.php(86): view('home/login/logi...', Array)
#7 /var/www/html/codeigniter4/vendor/codeigniter4/framework/system/CodeIgniter.php(802): App\Controllers\Home->login()
#8 /var/www/html/codeigniter4/vendor/codeigniter4/framework/system/CodeIgniter.php(399): CodeIgniter\CodeIgniter->runController(Object(App\Controllers\Home))
#9 /var/www/html/codeigniter4/vendor/codeigniter4/framework/system/CodeIgniter.php(317): CodeIgniter\CodeIgniter->handleRequest(NULL, Object(Config\Cache), false)
#10 /var/www/html/codeigniter4/public/index.php(45): CodeIgniter\CodeIgniter->run()
#11 {main}
CRITICAL - 2021-09-08 00:37:10 --> Invalid file: home\login\_message_block.php
#0 /var/www/html/codeigniter4/vendor/codeigniter4/framework/system/View/View.php(198): CodeIgniter\Exceptions\FrameworkException::forInvalidFile('home\\login\\_mes...')
#1 /var/www/html/codeigniter4/vendor/codeigniter4/framework/system/Common.php(1092): CodeIgniter\View\View->render('home\\login\\_mes...', Array, true)
#2 /var/www/html/codeigniter4/app/Views/home/login/forgot.php(25): view('home\\login\\_mes...')
#3 /var/www/html/codeigniter4/vendor/codeigniter4/framework/system/View/View.php(214): include('/var/www/html/c...')
#4 /var/www/html/codeigniter4/vendor/codeigniter4/framework/system/View/View.php(217): CodeIgniter\View\View->CodeIgniter\View\{closure}()
#5 /var/www/html/codeigniter4/vendor/codeigniter4/framework/system/Common.php(1092): CodeIgniter\View\View->render('home/login/forg...', Array, true)
#6 /var/www/html/codeigniter4/app/Controllers/home.php(112): view('home/login/forg...', Array)
#7 /var/www/html/codeigniter4/vendor/codeigniter4/framework/system/CodeIgniter.php(802): App\Controllers\Home->forgot()
#8 /var/www/html/codeigniter4/vendor/codeigniter4/framework/system/CodeIgniter.php(399): CodeIgniter\CodeIgniter->runController(Object(App\Controllers\Home))
#9 /var/www/html/codeigniter4/vendor/codeigniter4/framework/system/CodeIgniter.php(317): CodeIgniter\CodeIgniter->handleRequest(NULL, Object(Config\Cache), false)
#10 /var/www/html/codeigniter4/public/index.php(45): CodeIgniter\CodeIgniter->run()
#11 {main}
